"../../../Engine/Content/Animation/DefaultAnimCurveCompressionSettings.uasset" 0
"../../../Engine/Content/Functions/Engine_MaterialFunctions01/Opacity/CameraDepthFade.uasset" 1
"../../../Engine/Content/EngineMaterials/T_Default_Material_Grid_M.uasset" 2
"../../../Engine/Content/EngineMaterials/T_Default_Material_Grid_N.uasset" 3
"../../../Engine/Content/EngineMaterials/WorldGridMaterial.uasset" 4
"../../../Engine/Content/ArtTools/RenderToTexture/Meshes/S_1_Unit_Plane.uasset" 5
"../../../Engine/Content/EngineMaterials/DefaultMaterial.uasset" 6
"../../../Engine/Content/BasicShapes/Cone.uasset" 7
"../../../Engine/Content/BasicShapes/Cube.uasset" 8
"../../../Engine/Content/BasicShapes/Cylinder.uasset" 9
"../../../Engine/Content/BasicShapes/Plane.uasset" 10
"../../../Engine/Content/BasicShapes/Sphere.uasset" 11
"../../../Engine/Content/EditorLandscapeResources/DataLayer.uasset" 12
"../../../Engine/Content/EditorMaterials/GizmoMaterial.uasset" 13
"../../../Engine/Content/EditorMaterials/MAT_Groups_Toggle.uasset" 14
"../../../Engine/Content/EditorMaterials/MAT_Groups_Visibility.uasset" 15
"../../../Engine/Content/EditorMaterials/PreviewShadowIndicator.uasset" 16
"../../../Engine/Content/EditorMaterials/PreviewShadowIndicatorMaterial.uasset" 17
"../../../Engine/Content/EditorMaterials/MatineeGroups/MAT_ColorTrack.uasset" 18
"../../../Engine/Content/EditorMaterials/MatineeGroups/MAT_Groups_Anim.uasset" 19
"../../../Engine/Content/EditorMaterials/MatineeGroups/MAT_Groups_AudioMaster.uasset" 20
"../../../Engine/Content/EditorMaterials/MatineeGroups/MAT_Groups_Director.uasset" 21
"../../../Engine/Content/EditorMaterials/MatineeGroups/MAT_Groups_Event.uasset" 22
"../../../Engine/Content/EditorMaterials/MatineeGroups/MAT_Groups_Fade.uasset" 23
"../../../Engine/Content/EditorMaterials/MatineeGroups/MAT_Groups_Float.uasset" 24
"../../../Engine/Content/EditorMaterials/MatineeGroups/MAT_Groups_Move.uasset" 25
"../../../Engine/Content/EditorMaterials/MatineeGroups/MAT_Groups_Slomo.uasset" 26
"../../../Engine/Content/EditorMaterials/MatineeGroups/MAT_Groups_Sound.uasset" 27
"../../../Engine/Content/EditorMaterials/MatineeGroups/MAT_Groups_Vector.uasset" 28
"../../../Engine/Content/EditorMaterials/ParticleSystems/PSysThumbnail_NoImage.uasset" 29
"../../../Engine/Content/EditorMaterials/ParticleSystems/PSysThumbnail_OOD.uasset" 30
"../../../Engine/Content/EditorMaterials/Camera/CineMat.uasset" 31
"../../../Engine/Content/EditorMaterials/Camera/MI_CineMat_Rig.uasset" 32
"../../../Engine/Content/EditorMeshes/Camera/SM_CraneRig_Arm.uasset" 33
"../../../Engine/Content/EditorMeshes/Camera/SM_CraneRig_Base.uasset" 34
"../../../Engine/Content/EditorMeshes/Camera/SM_CraneRig_Body.uasset" 35
"../../../Engine/Content/EditorMeshes/Camera/SM_CraneRig_Mount.uasset" 36
"../../../Engine/Content/EditorMeshes/Camera/SM_RailRig_Mount.uasset" 37
"../../../Engine/Content/EditorMeshes/Camera/SM_RailRig_Track.uasset" 38
"../../../Engine/Content/EditorResources/BSPVertex.uasset" 39
"../../../Engine/Content/EditorResources/EmptyActor.uasset" 40
"../../../Engine/Content/EditorResources/S_Actor.uasset" 41
"../../../Engine/Content/EditorResources/S_Note.uasset" 42
"../../../Engine/Content/EditorResources/S_Trigger.uasset" 43
"../../../Engine/Content/EditorResources/LightIcons/S_LightError.uasset" 44
"../../../Engine/Content/EditorResources/SequenceRecorder/Countdown.uasset" 45
"../../../Engine/Content/EditorResources/SequenceRecorder/RecordingIndicator.uasset" 46
"../../../Engine/Content/EditorSounds/Notifications/CompileFailed.uasset" 47
"../../../Engine/Content/EditorSounds/Notifications/CompileFailed_Cue.uasset" 48
"../../../Engine/Content/EditorSounds/Notifications/CompileSuccess.uasset" 49
"../../../Engine/Content/EditorSounds/Notifications/CompileStart_Cue.uasset" 50
"../../../Engine/Content/EditorSounds/Notifications/CompileSuccess_Cue.uasset" 51
"../../../Engine/Content/EngineDamageTypes/DmgTypeBP_Environmental.uasset" 52
"../../../Engine/Content/EngineDebugMaterials/HeatmapGradient.uasset" 53
"../../../Engine/Content/EngineDebugMaterials/BoneWeightMaterial.uasset" 54
"../../../Engine/Content/EngineDebugMaterials/ClothMaterial.uasset" 55
"../../../Engine/Content/EngineDebugMaterials/ClothMaterial_WF.uasset" 56
"../../../Engine/Content/EngineDebugMaterials/DebugEditorMaterial.uasset" 57
"../../../Engine/Content/EngineDebugMaterials/DebugMeshMaterial.uasset" 58
"../../../Engine/Content/EngineDebugMaterials/GeomMaterial.uasset" 59
"../../../Engine/Content/EngineDebugMaterials/M_SimpleTranslucent.uasset" 60
"../../../Engine/Content/EngineFonts/Faces/RobotoBold.uasset" 61
"../../../Engine/Content/EngineFonts/Faces/RobotoBoldItalic.uasset" 62
"../../../Engine/Content/EngineFonts/Faces/RobotoItalic.uasset" 63
"../../../Engine/Content/EngineFonts/Faces/RobotoLight.uasset" 64
"../../../Engine/Content/EngineFonts/Faces/RobotoRegular.uasset" 65
"../../../Engine/Content/EngineFonts/Roboto.uasset" 66
"../../../Engine/Content/EngineFonts/Faces/RobotoTiny.uasset" 67
"../../../Engine/Content/EngineFonts/RobotoTiny.uasset" 68
"../../../Engine/Content/EngineMaterials/BaseFlattenDiffuseMap.uasset" 69
"../../../Engine/Content/EngineMaterials/BaseFlattenEmissiveMap.uasset" 70
"../../../Engine/Content/EngineMaterials/BaseFlattenGrayscaleMap.uasset" 71
"../../../Engine/Content/EngineMaterials/BaseFlattenNormalMap.uasset" 72
"../../../Engine/Content/EngineMaterials/BaseFlattenMaterial.uasset" 73
"../../../Engine/Content/EngineMaterials/DefaultBloomKernel.uasset" 74
"../../../Engine/Content/EngineMaterials/DefaultBokeh.uasset" 75
"../../../Engine/Content/EngineMaterials/DefaultDiffuse.uasset" 76
"../../../Engine/Content/EngineMaterials/DefaultDeferredDecalMaterial.uasset" 77
"../../../Engine/Content/EngineMaterials/DefaultLightFunctionMaterial.uasset" 78
"../../../Engine/Content/EngineMaterials/DefaultPhysicalMaterial.uasset" 79
"../../../Engine/Content/Functions/Engine_MaterialFunctions02/Utility/BreakOutFloat2Components.uasset" 80
"../../../Engine/Content/EngineMaterials/DefaultPostProcessMaterial.uasset" 81
"../../../Engine/Content/EngineFonts/RobotoDistanceField.uasset" 82
"../../../Engine/Content/EngineMaterials/DefaultTextMaterialOpaque.uasset" 83
"../../../Engine/Content/EngineMaterials/DefaultWhiteGrid.uasset" 84
"../../../Engine/Content/EngineMaterials/EditorBrushMaterial.uasset" 85
"../../../Engine/Content/EngineMaterials/Good64x64TilingNoiseHighFreq.uasset" 86
"../../../Engine/Content/EngineMaterials/MiniFont.uasset" 87
"../../../Engine/Content/EngineMaterials/InvalidLightmapSettings.uasset" 88
"../../../Engine/Content/EngineMaterials/M_InvalidLightmapSettings.uasset" 89
"../../../Engine/Content/Functions/Engine_MaterialFunctions02/WorldPositionOffset/CameraOffset.uasset" 90
"../../../Engine/Content/EngineMaterials/PhAT_JointLimitMaterial.uasset" 91
"../../../Engine/Content/EngineMaterials/PreintegratedSkinBRDF.uasset" 92
"../../../Engine/Content/EngineMaterials/RemoveSurfaceMaterial.uasset" 93
"../../../Engine/Content/EngineMaterials/WeightMapPlaceholderTexture.uasset" 94
"../../../Engine/Content/EngineResources/WhiteSquareTexture.uasset" 95
"../../../Engine/Content/EngineMaterials/Widget3DPassThrough.uasset" 96
"../../../Engine/Content/EngineMaterials/Widget3DPassThrough_Masked.uasset" 97
"../../../Engine/Content/EngineMaterials/Widget3DPassThrough_Opaque.uasset" 98
"../../../Engine/Content/EngineMaterials/Widget3DPassThrough_Masked_OneSided.uasset" 99
"../../../Engine/Content/EngineMaterials/Widget3DPassThrough_Opaque_OneSided.uasset" 100
"../../../Engine/Content/EngineMaterials/Widget3DPassThrough_Translucent.uasset" 101
"../../../Engine/Content/EngineMaterials/Widget3DPassThrough_Translucent_OneSided.uasset" 102
"../../../Engine/Content/EngineMeshes/Cylinder.uasset" 103
"../../../Engine/Content/EngineMeshes/Sphere.uasset" 104
"../../../Engine/Content/EngineResources/Black.uasset" 105
"../../../Engine/Content/EngineResources/DefaultTexture.uasset" 106
"../../../Engine/Content/EngineResources/DefaultTextureCube.uasset" 107
"../../../Engine/Content/EngineResources/DefaultVolumeTexture2D.uasset" 108
"../../../Engine/Content/EngineResources/DefaultVolumeTexture.uasset" 109
"../../../Engine/Content/EngineResources/GradientTexture0.uasset" 110
"../../../Engine/Content/EngineSounds/Master.uasset" 111
"../../../Engine/Content/Functions/Engine_MaterialFunctions01/Shading/ConvertFromDiffSpec.uasset" 112
"../../../Engine/Content/Functions/Engine_MaterialFunctions01/Shading/PowerToRoughness.uasset" 113
"../../../Engine/Content/Maps/Templates/Thumbnails/Default.uasset" 114
"../../../Engine/Content/Maps/Templates/Thumbnails/VR-Basic.uasset" 115
"../../../Engine/Content/MobileResources/T_MobileControls_texture.uasset" 116
"../../../Engine/Content/MobileResources/T_MobileMenu2.uasset" 117
"../../../Engine/Content/MobileResources/HUD/AnalogHat.uasset" 118
"../../../Engine/Content/MobileResources/HUD/VirtualJoystick_Background.uasset" 119
"../../../Engine/Content/MobileResources/HUD/VirtualJoystick_Thumb.uasset" 120
"../../../Engine/Content/MobileResources/HUD/DefaultVirtualJoysticks.uasset" 121
"../../../Engine/Content/MobileResources/HUD/LeftVirtualJoystickOnly.uasset" 122
"../../../Engine/Content/MobileResources/HUD/MobileHUDButton1_off.uasset" 123
"../../../Engine/Content/MobileResources/HUD/MobileHUDButton1_on.uasset" 124
"../../../Engine/Content/MobileResources/HUD/MobileHUDButton2_off.uasset" 125
"../../../Engine/Content/MobileResources/HUD/MobileHUDButton2_on.uasset" 126
"../../../Engine/Content/MobileResources/HUD/MobileHUDButton3.uasset" 127
"../../../Engine/Content/MobileResources/HUD/MobileHUDButtonFire.uasset" 128
"../../../Engine/Content/MobileResources/HUD/MobileHUDDirectionPad.uasset" 129
"../../../Engine/Content/MobileResources/HUD/MobileHUDDirectionPad2.uasset" 130
"../../../Engine/Content/MobileResources/HUD/MobileHUDDirectionPad3.uasset" 131
"../../../Engine/Content/MobileResources/HUD/MobileHUDDirectionStick.uasset" 132
"../../../Engine/Content/MobileResources/HUD/T_Castle_ThumbstickInner.uasset" 133
"../../../Engine/Content/MobileResources/HUD/T_Castle_ThumbstickOutter.uasset" 134
"../../../Engine/Content/Tutorial/ContentIntroCurve.uasset" 135
"../../../Engine/Content/Tutorial/Basics/LevelEditorAttract.uasset" 136
"../../../Engine/Content/VREditor/LaserPointer/VR_LaserPower_01.uasset" 137
"../../../Engine/Content/VREditor/TransformGizmo/TransformGizmoMaterial.uasset" 138
"../../../Engine/Content/VREditor/TransformGizmo/TranslucentTransformGizmoMaterial.uasset" 139
"../../../Engine/Content/VREditor/TransformGizmo/BoundingBoxCorner.uasset" 140
"../../../Engine/Content/VREditor/TransformGizmo/BoundingBoxEdge.uasset" 141
"../../../Engine/Content/VREditor/TransformGizmo/PlaneTranslationHandle.uasset" 142
"../../../Engine/Content/VREditor/TransformGizmo/Main.uasset" 143
"../../../Engine/Content/VREditor/TransformGizmo/Xray.uasset" 144
"../../../Engine/Content/VREditor/TransformGizmo/SM_Sequencer_Key.uasset" 145
"../../../Engine/Content/VREditor/TransformGizmo/SM_Sequencer_Node.uasset" 146
"../../Plugins/2D/Paper2D/Content/PlaceholderTextures/DummySpriteTexture.uasset" 147
"../../Plugins/2D/Paper2D/Content/DummySprite.uasset" 148
"../../Plugins/2D/Paper2D/Content/DefaultPaperTerrainMaterial.uasset" 149
"../../Plugins/2D/Paper2D/Content/DummySpriteTexture.uasset" 150
"../../Plugins/2D/Paper2D/Content/DefaultSpriteMaterial.uasset" 151
"../../Plugins/2D/Paper2D/Content/MaskedUnlitSpriteMaterial.uasset" 152
"../../Plugins/2D/Paper2D/Content/OpaqueUnlitSpriteMaterial.uasset" 153
"../../Plugins/Runtime/Oculus/OculusVR/Content/OculusMR_RenderTarget.uasset" 154
"../../../Engine/Content/Functions/Engine_MaterialFunctions02/Utility/BreakOutFloat4Components.uasset" 155
"../../../Engine/Content/Functions/Engine_MaterialFunctions02/Utility/MakeFloat2.uasset" 156
"../../../Engine/Content/Functions/Engine_MaterialFunctions02/Utility/MakeFloat3.uasset" 157
"../../Plugins/Runtime/Oculus/OculusVR/Content/Materials/OculusMR_ChromaKey.uasset" 158
"../../Plugins/Runtime/Oculus/OculusVR/Content/Materials/OculusMR_ChromaKey_Lit.uasset" 159
"../../Plugins/Runtime/Oculus/OculusVR/Content/Materials/OculusMR_OpaqueColoredMaterial.uasset" 160
"../../Plugins/Runtime/Oculus/OculusVR/Content/Materials/OculusMR_WhiteMaterial.uasset" 161
"../../Plugins/Runtime/Oculus/OculusVR/Content/Materials/PokeAHoleMaterial.uasset" 162
"../../Plugins/Runtime/Oculus/OculusVR/Content/Textures/GearVRController_AO.uasset" 163
"../../Plugins/Runtime/Oculus/OculusVR/Content/Textures/GearVRController_Color.uasset" 164
"../../Plugins/Runtime/Oculus/OculusVR/Content/Textures/GearVRController_Normal.uasset" 165
"../../Plugins/Runtime/Oculus/OculusVR/Content/Materials/GearVRControllerMaterial.uasset" 166
"../../Plugins/Runtime/Oculus/OculusVR/Content/Meshes/GearVrController.uasset" 167
"../../Plugins/Runtime/Oculus/OculusVR/Content/Textures/touchController_albedo.uasset" 168
"../../Plugins/Runtime/Oculus/OculusVR/Content/Textures/touchController_controlmap.uasset" 169
"../../Plugins/Runtime/Oculus/OculusVR/Content/Materials/touchController_mat.uasset" 170
"../../Plugins/Runtime/Oculus/OculusVR/Content/Meshes/LeftTouchController.uasset" 171
"../../Plugins/Runtime/Oculus/OculusVR/Content/Meshes/RiftHMD.uasset" 172
"../../Plugins/Runtime/Oculus/OculusVR/Content/Meshes/RightTouchController.uasset" 173
"../../../../../../Users/Lu/Documents/Unreal Projects/Unreal_Final_Project/Content/Mannequin/Character/Mesh/UE4_Mannequin_Skeleton.uasset" 174
"../../../../../../Users/Lu/Documents/Unreal Projects/Unreal_Final_Project/Content/TwinbladesAnimsetBase/InPlace/Twinblades_Idle.uasset" 175
"../../../../../../Users/Lu/Documents/Unreal Projects/Unreal_Final_Project/Content/TwinbladesAnimsetBase/InPlace/Twinblades_Run.uasset" 176
"../../../../../../Users/Lu/Documents/Unreal Projects/Unreal_Final_Project/Content/TwinbladesAnimsetBase/InPlace/Twinblades_Walk.uasset" 177
"../../../../../../Users/Lu/Documents/Unreal Projects/Unreal_Final_Project/Content/AI_Attack/Walk.uasset" 178
"../../../../../../Users/Lu/Documents/Unreal Projects/Unreal_Final_Project/Content/AI_Attack/Boss_Animition_BP.uasset" 179
"../../../../../../Users/Lu/Documents/Unreal Projects/Unreal_Final_Project/Content/TwinbladesAnimsetBase/InPlace/Twinblades_attack02.uasset" 180
"../../../../../../Users/Lu/Documents/Unreal Projects/Unreal_Final_Project/Content/AI_Attack/Montage/Twinblades_attack02_Montage.uasset" 181
"../../../../../../Users/Lu/Documents/Unreal Projects/Unreal_Final_Project/Content/TwinbladesAnimsetBase/InPlace/Twinblades_attack04.uasset" 182
"../../../../../../Users/Lu/Documents/Unreal Projects/Unreal_Final_Project/Content/AI_Attack/Montage/Twinblades_attack04_Montage.uasset" 183
"../../../../../../Users/Lu/Documents/Unreal Projects/Unreal_Final_Project/Content/TwinbladesAnimsetBase/InPlace/Twinblades_attack05.uasset" 184
"../../../../../../Users/Lu/Documents/Unreal Projects/Unreal_Final_Project/Content/AI_Attack/Montage/Twinblades_attack05_Montage.uasset" 185
"../../../../../../Users/Lu/Documents/Unreal Projects/Unreal_Final_Project/Content/TwinbladesAnimsetBase/InPlace/Twinblades_attack06.uasset" 186
"../../../../../../Users/Lu/Documents/Unreal Projects/Unreal_Final_Project/Content/AI_Attack/Montage/Twinblades_attack06_Montage.uasset" 187
"../../../../../../Users/Lu/Documents/Unreal Projects/Unreal_Final_Project/Content/TwinbladesAnimsetBase/InPlace/Twinblades_attack09.uasset" 188
"../../../../../../Users/Lu/Documents/Unreal Projects/Unreal_Final_Project/Content/AI_Attack/Montage/Twinblades_attack09_Montage.uasset" 189
"../../../../../../Users/Lu/Documents/Unreal Projects/Unreal_Final_Project/Content/Sword/Frank_RPG_Sword1/Animations/46_Frank_ActionRPG_Sword_Die_02.uasset" 190
"../../../../../../Users/Lu/Documents/Unreal Projects/Unreal_Final_Project/Content/Montages/Die.uasset" 191
"../../../../../../Users/Lu/Documents/Unreal Projects/Unreal_Final_Project/Content/Sword/Frank_RPG_Sword1/Animations/36_Frank_ActionRPG_Sword_Hit_01.uasset" 192
"../../../../../../Users/Lu/Documents/Unreal Projects/Unreal_Final_Project/Content/Montages/GetHit.uasset" 193
"../../../../../../Users/Lu/Documents/Unreal Projects/Unreal_Final_Project/Content/Test/AIstate.uasset" 194
"../../../../../../Users/Lu/Documents/Unreal Projects/Unreal_Final_Project/Content/Test/AIstates.uasset" 195
"../../../../../../Users/Lu/Documents/Unreal Projects/Unreal_Final_Project/Content/AI_Attack/Boss_UI/Health_Empty_UI.uasset" 196
"../../../../../../Users/Lu/Documents/Unreal Projects/Unreal_Final_Project/Content/AI_Attack/Boss_UI/Health_Full_UI.uasset" 197
"../../../../../../Users/Lu/Documents/Unreal Projects/Unreal_Final_Project/Content/AI_Attack/Boss_UI/Health_Boss_UI.uasset" 198
"../../../Engine/Content/Functions/Engine_MaterialFunctions02/Utility/BlendAngleCorrectedNormals.uasset" 199
"../../../Engine/Content/Functions/MaterialLayerFunctions/MatLayerBlend_NormalBlend.uasset" 200
"../../../Engine/Content/Functions/MaterialLayerFunctions/MatLayerBlend_Simple.uasset" 201
"../../../../../../Users/Lu/Documents/Unreal Projects/Unreal_Final_Project/Content/Mannequin/Character/Materials/MaterialLayers/T_ML_Rubber_Blue_01_D.uasset" 202
"../../../../../../Users/Lu/Documents/Unreal Projects/Unreal_Final_Project/Content/Mannequin/Character/Materials/MaterialLayers/T_ML_Rubber_Blue_01_N.uasset" 203
"../../../../../../Users/Lu/Documents/Unreal Projects/Unreal_Final_Project/Content/Mannequin/Character/Materials/MaterialLayers/ML_GlossyBlack_Latex_UE4.uasset" 204
"../../../../../../Users/Lu/Documents/Unreal Projects/Unreal_Final_Project/Content/Mannequin/Character/Materials/MaterialLayers/ML_Plastic_Shiny_Beige.uasset" 205
"../../../../../../Users/Lu/Documents/Unreal Projects/Unreal_Final_Project/Content/Mannequin/Character/Textures/UE4_LOGO_CARD.uasset" 206
"../../../../../../Users/Lu/Documents/Unreal Projects/Unreal_Final_Project/Content/Mannequin/Character/Materials/MaterialLayers/ML_Plastic_Shiny_Beige_LOGO.uasset" 207
"../../../../../../Users/Lu/Documents/Unreal Projects/Unreal_Final_Project/Content/Mannequin/Character/Materials/MaterialLayers/T_ML_Aluminum01.uasset" 208
"../../../../../../Users/Lu/Documents/Unreal Projects/Unreal_Final_Project/Content/Mannequin/Character/Materials/MaterialLayers/T_ML_Aluminum01_N.uasset" 209
"../../../../../../Users/Lu/Documents/Unreal Projects/Unreal_Final_Project/Content/Mannequin/Character/Materials/MaterialLayers/ML_SoftMetal_UE4.uasset" 210
"../../../../../../Users/Lu/Documents/Unreal Projects/Unreal_Final_Project/Content/Mannequin/Character/Textures/UE4_Mannequin__normals.uasset" 211
"../../../../../../Users/Lu/Documents/Unreal Projects/Unreal_Final_Project/Content/Mannequin/Character/Textures/UE4_Mannequin_MAT_MASKA.uasset" 212
"../../../../../../Users/Lu/Documents/Unreal Projects/Unreal_Final_Project/Content/Mannequin/Character/Materials/M_UE4Man_Body.uasset" 213
"../../../../../../Users/Lu/Documents/Unreal Projects/Unreal_Final_Project/Content/Mannequin/Character/Textures/UE4Man_Logo_N.uasset" 214
"../../../../../../Users/Lu/Documents/Unreal Projects/Unreal_Final_Project/Content/Mannequin/Character/Materials/M_UE4Man_ChestLogo.uasset" 215
"../../../../../../Users/Lu/Documents/Unreal Projects/Unreal_Final_Project/Content/Mannequin/Character/Mesh/SK_Mannequin_PhysicsAsset.uasset" 216
"../../../../../../Users/Lu/Documents/Unreal Projects/Unreal_Final_Project/Content/Mannequin/Character/Mesh/SK_Mannequin.uasset" 217
"../../../../../../Users/Lu/Documents/Unreal Projects/Unreal_Final_Project/Content/AI_Attack/Boss_BP.uasset" 218
"../../../Engine/Content/EditorBlueprintResources/StandardMacros.uasset" 219
"../../../Engine/Content/EngineSky/C_Sky_Cloud_Color.uasset" 220
"../../../Engine/Content/EngineSky/C_Sky_Horizon_Color.uasset" 221
"../../../Engine/Content/EngineSky/C_Sky_Zenith_Color.uasset" 222
"../../../Engine/Content/EngineSky/T_Sky_Blue.uasset" 223
"../../../Engine/Content/EngineSky/T_Sky_Clouds_M.uasset" 224
"../../../Engine/Content/EngineSky/T_Sky_Stars.uasset" 225
"../../../Engine/Content/EngineSky/M_Sky_Panning_Clouds2.uasset" 226
"../../../Engine/Content/EngineSky/SM_SkySphere.uasset" 227
"../../../Engine/Content/EngineSky/BP_Sky_Sphere.uasset" 228
"../../../../../../Users/Lu/Documents/Unreal Projects/Unreal_Final_Project/Content/Mannequin/Animations/ThirdPerson_Jump.uasset" 229
"../../../../../../Users/Lu/Documents/Unreal Projects/Unreal_Final_Project/Content/Mannequin/Animations/ThirdPersonJump_Loop.uasset" 230
"../../../../../../Users/Lu/Documents/Unreal Projects/Unreal_Final_Project/Content/Mannequin/Animations/ThirdPersonJump_Start.uasset" 231
"../../../../../../Users/Lu/Documents/Unreal Projects/Unreal_Final_Project/Content/Mannequin/Animations/ThirdPersonIdle.uasset" 232
"../../../../../../Users/Lu/Documents/Unreal Projects/Unreal_Final_Project/Content/Mannequin/Animations/ThirdPersonRun.uasset" 233
"../../../../../../Users/Lu/Documents/Unreal Projects/Unreal_Final_Project/Content/Mannequin/Animations/ThirdPersonWalk.uasset" 234
"../../../../../../Users/Lu/Documents/Unreal Projects/Unreal_Final_Project/Content/Mannequin/Animations/ThirdPerson_IdleRun_2D.uasset" 235
"../../../../../../Users/Lu/Documents/Unreal Projects/Unreal_Final_Project/Content/MyBlueprint/MyABS.uasset" 236
"../../../../../../Users/Lu/Documents/Unreal Projects/Unreal_Final_Project/Content/Sword/Frank_RPG_Sword1/Animations/47_Frank_ActionRPG_Sword_Combo_A1.uasset" 237
"../../../../../../Users/Lu/Documents/Unreal Projects/Unreal_Final_Project/Content/Montages/47_Frank_ActionRPG_Sword_Combo_A1_Montage.uasset" 238
"../../../../../../Users/Lu/Documents/Unreal Projects/Unreal_Final_Project/Content/Sword/Frank_RPG_Sword1/Animations/48_Frank_ActionRPG_Sword_Combo_A2.uasset" 239
"../../../../../../Users/Lu/Documents/Unreal Projects/Unreal_Final_Project/Content/Montages/48_Frank_ActionRPG_Sword_Combo_A2_Montage.uasset" 240
"../../../../../../Users/Lu/Documents/Unreal Projects/Unreal_Final_Project/Content/Sword/Frank_RPG_Sword1/Animations/49_Frank_ActionRPG_Sword_Combo_A3.uasset" 241
"../../../../../../Users/Lu/Documents/Unreal Projects/Unreal_Final_Project/Content/Montages/49_Frank_ActionRPG_Sword_Combo_A3_Montage.uasset" 242
"../../../../../../Users/Lu/Documents/Unreal Projects/Unreal_Final_Project/Content/Sword/Frank_RPG_Sword1/Animations/50_Frank_ActionRPG_Sword_Combo_A4.uasset" 243
"../../../../../../Users/Lu/Documents/Unreal Projects/Unreal_Final_Project/Content/Montages/50_Frank_ActionRPG_Sword_Combo_A4_Montage.uasset" 244
"../../../../../../Users/Lu/Documents/Unreal Projects/Unreal_Final_Project/Content/Sword/Frank_RPG_Sword1/Animations/51_Frank_ActionRPG_Sword_Combo_A5.uasset" 245
"../../../../../../Users/Lu/Documents/Unreal Projects/Unreal_Final_Project/Content/Montages/51_Frank_ActionRPG_Sword_Combo_A5_Montage.uasset" 246
"../../../../../../Users/Lu/Documents/Unreal Projects/Unreal_Final_Project/Content/Test/Anim.uasset" 247
"../../../../../../Users/Lu/Documents/Unreal Projects/Unreal_Final_Project/Content/InfinityBladeWeapons/Weapons/Blade/Swords/Blade_BlackKnight/T_Blade_BlackKnight_Sword1_D.uasset" 248
"../../../../../../Users/Lu/Documents/Unreal Projects/Unreal_Final_Project/Content/InfinityBladeWeapons/Weapons/Blade/Swords/Blade_BlackKnight/T_Blade_BlackKnight_Sword1_M.uasset" 249
"../../../../../../Users/Lu/Documents/Unreal Projects/Unreal_Final_Project/Content/InfinityBladeWeapons/Weapons/Blade/Swords/Blade_BlackKnight/T_Blade_BlackKnight_Sword1_N.uasset" 250
"../../../../../../Users/Lu/Documents/Unreal Projects/Unreal_Final_Project/Content/InfinityBladeWeapons/Weapons/Blade/Swords/Blade_BlackKnight/T_Blade_BlackKnight_Sword2_D.uasset" 251
"../../../../../../Users/Lu/Documents/Unreal Projects/Unreal_Final_Project/Content/InfinityBladeWeapons/Weapons/Blade/Swords/Blade_BlackKnight/T_Blade_BlackKnight_Sword2_M.uasset" 252
"../../../../../../Users/Lu/Documents/Unreal Projects/Unreal_Final_Project/Content/InfinityBladeWeapons/Weapons/Blade/Swords/Blade_BlackKnight/T_Blade_BlackKnight_Sword2_N.uasset" 253
"../../../../../../Users/Lu/Documents/Unreal Projects/Unreal_Final_Project/Content/InfinityBladeWeapons/Weapons/Blade/Swords/Blade_BlackKnight/M_Blade_BlackKnight.uasset" 254
"../../../../../../Users/Lu/Documents/Unreal Projects/Unreal_Final_Project/Content/InfinityBladeWeapons/Weapons/Blade/Swords/Blade_BlackKnight/SK_Blade_BlackKnight_Skeleton.uasset" 255
"../../../../../../Users/Lu/Documents/Unreal Projects/Unreal_Final_Project/Content/InfinityBladeWeapons/Weapons/Blade/Swords/Blade_BlackKnight/SK_Blade_BlackKnight.uasset" 256
"../../../../../../Users/Lu/Documents/Unreal Projects/Unreal_Final_Project/Content/MyBlueprint/LSword_BP.uasset" 257
"../../../../../../Users/Lu/Documents/Unreal Projects/Unreal_Final_Project/Content/MyBlueprint/RSword_BP.uasset" 258
"../../../../../../Users/Lu/Documents/Unreal Projects/Unreal_Final_Project/Content/Sword/Frank_RPG_Sword1/Animations/001.uasset" 259
"../../../../../../Users/Lu/Documents/Unreal Projects/Unreal_Final_Project/Content/StarterContent/Textures/T_Tech_Dot_M.uasset" 260
"../../../../../../Users/Lu/Documents/Unreal Projects/Unreal_Final_Project/Content/MainMenu/Materia/P_M.uasset" 261
"../../../../../../Users/Lu/Documents/Unreal Projects/Unreal_Final_Project/Content/MainMenu/MainMenu_PS1.uasset" 262
"../../../../../../Users/Lu/Documents/Unreal Projects/Unreal_Final_Project/Content/Montages/001_Montage.uasset" 263
"../../../../../../Users/Lu/Documents/Unreal Projects/Unreal_Final_Project/Content/Sword/Frank_RPG_Sword1/Animations/002.uasset" 264
"../../../../../../Users/Lu/Documents/Unreal Projects/Unreal_Final_Project/Content/Montages/002_Montage.uasset" 265
"../../../../../../Users/Lu/Documents/Unreal Projects/Unreal_Final_Project/Content/Sword/Frank_RPG_Sword1/Animations/003.uasset" 266
"../../../../../../Users/Lu/Documents/Unreal Projects/Unreal_Final_Project/Content/Montages/003_Montage.uasset" 267
"../../../../../../Users/Lu/Documents/Unreal Projects/Unreal_Final_Project/Content/Sword/Frank_RPG_Sword1/Animations/004.uasset" 268
"../../../../../../Users/Lu/Documents/Unreal Projects/Unreal_Final_Project/Content/Montages/004_Montage.uasset" 269
"../../../../../../Users/Lu/Documents/Unreal Projects/Unreal_Final_Project/Content/Test/AnimTable.uasset" 270
"../../../../../../Users/Lu/Documents/Unreal Projects/Unreal_Final_Project/Content/MyBlueprint/MyChar.uasset" 271
"../../../../../../Users/Lu/Documents/Unreal Projects/Unreal_Final_Project/Content/MyBlueprint/MyGameMode.uasset" 272
"../../../../../../Users/Lu/Documents/Unreal Projects/Unreal_Final_Project/Content/Mannequin/Animations/ThirdPerson_AnimBP.uasset" 273
"../../../../../../Users/Lu/Documents/Unreal Projects/Unreal_Final_Project/Content/Texture/BackGround_UI.uasset" 274
"../../../../../../Users/Lu/Documents/Unreal Projects/Unreal_Final_Project/Content/UI/Chat_Widget.uasset" 275
"../../../../../../Users/Lu/Documents/Unreal Projects/Unreal_Final_Project/Content/UI/NPC_BP.uasset" 276
"../../../../../../Users/Lu/Documents/Unreal Projects/Unreal_Final_Project/Content/Maps/Character_BuiltData.uasset" 277
"../../../Engine/Content/MapTemplates/SM_Template_Map_Floor.uasset" 278
"../../../../../../Users/Lu/Documents/Unreal Projects/Unreal_Final_Project/Content/Maps/Character.umap" 279
"../../../../../../Users/Lu/Documents/Unreal Projects/Unreal_Final_Project/Content/MainMenu/MainMenuPlayerController.uasset" 280
"../../../../../../Users/Lu/Documents/Unreal Projects/Unreal_Final_Project/Content/MainMenu/MainMenuGameMode.uasset" 281
"../../../../../../Users/Lu/Documents/Unreal Projects/Unreal_Final_Project/Content/MainMenu/Credit_Page_BuiltData.uasset" 282
"../../../../../../Users/Lu/Documents/Unreal Projects/Unreal_Final_Project/Content/MainMenu/Materia/BlackGround.uasset" 283
"../../../../../../Users/Lu/Documents/Unreal Projects/Unreal_Final_Project/Content/MainMenu/Texture/Credit_Text.uasset" 284
"../../../../../../Users/Lu/Documents/Unreal Projects/Unreal_Final_Project/Content/MainMenu/Texture/Return_Button.uasset" 285
"../../../../../../Users/Lu/Documents/Unreal Projects/Unreal_Final_Project/Content/MainMenu/Credit_Widget.uasset" 286
"../../../../../../Users/Lu/Documents/Unreal Projects/Unreal_Final_Project/Content/MainMenu/MainMenu_PS.uasset" 287
"../../../../../../Users/Lu/Documents/Unreal Projects/Unreal_Final_Project/Content/MainMenu/Credit_Page.umap" 288
"../../../../../../Users/Lu/Documents/Unreal Projects/Unreal_Final_Project/Content/MainMenu/MainMenu_BuiltData.uasset" 289
"../../../../../../Users/Lu/Documents/Unreal Projects/Unreal_Final_Project/Content/MainMenu/Texture/Credit_Page.uasset" 290
"../../../../../../Users/Lu/Documents/Unreal Projects/Unreal_Final_Project/Content/MainMenu/Texture/Made_By.uasset" 291
"../../../../../../Users/Lu/Documents/Unreal Projects/Unreal_Final_Project/Content/MainMenu/Texture/Quit_Game.uasset" 292
"../../../../../../Users/Lu/Documents/Unreal Projects/Unreal_Final_Project/Content/MainMenu/Texture/Start_Game.uasset" 293
"../../../../../../Users/Lu/Documents/Unreal Projects/Unreal_Final_Project/Content/MainMenu/Texture/The_Robin.uasset" 294
"../../../../../../Users/Lu/Documents/Unreal Projects/Unreal_Final_Project/Content/MainMenu/MainMenu_Widget.uasset" 295
"../../../../../../Users/Lu/Documents/Unreal Projects/Unreal_Final_Project/Content/MainMenu/MainMenu.umap" 296
"../../../Engine/Content/Maps/Entry_BuiltData.uasset" 297
"../../../Engine/Content/Maps/Entry.umap" 298
